0 info it worked if it ends with ok
1 verbose cli [ 'C:\\Program Files\\nodejs\\node.exe',
1 verbose cli   'C:\\Program Files\\nodejs\\node_modules\\npm\\bin\\npm-cli.js',
1 verbose cli   'install',
1 verbose cli   'graphicsmagick' ]
2 info using npm@3.10.10
3 info using node@v6.11.2
4 silly loadCurrentTree Starting
5 silly install loadCurrentTree
6 silly install readLocalPackageData
7 silly fetchPackageMetaData graphicsmagick
8 silly fetchNamedPackageData graphicsmagick
9 silly mapToRegistry name graphicsmagick
10 silly mapToRegistry using default registry
11 silly mapToRegistry registry https://registry.npmjs.org/
12 silly mapToRegistry data Result {
12 silly mapToRegistry   raw: 'graphicsmagick',
12 silly mapToRegistry   scope: null,
12 silly mapToRegistry   escapedName: 'graphicsmagick',
12 silly mapToRegistry   name: 'graphicsmagick',
12 silly mapToRegistry   rawSpec: '',
12 silly mapToRegistry   spec: 'latest',
12 silly mapToRegistry   type: 'tag' }
13 silly mapToRegistry uri https://registry.npmjs.org/graphicsmagick
14 verbose request uri https://registry.npmjs.org/graphicsmagick
15 verbose request no auth needed
16 info attempt registry request try #1 at 10:28:42
17 verbose request id e8c92dddd00e6524
18 http request GET https://registry.npmjs.org/graphicsmagick
19 http 200 https://registry.npmjs.org/graphicsmagick
20 verbose headers { server: 'nginx/1.10.1',
20 verbose headers   'content-type': 'application/json',
20 verbose headers   'last-modified': 'Thu, 30 Mar 2017 11:13:46 GMT',
20 verbose headers   etag: 'W/"58dce86a-4d9"',
20 verbose headers   'content-encoding': 'gzip',
20 verbose headers   'cache-control': 'max-age=300',
20 verbose headers   'content-length': '562',
20 verbose headers   'accept-ranges': 'bytes',
20 verbose headers   date: 'Fri, 15 Sep 2017 08:28:42 GMT',
20 verbose headers   via: '1.1 varnish',
20 verbose headers   age: '0',
20 verbose headers   connection: 'keep-alive',
20 verbose headers   'x-served-by': 'cache-ams4426-AMS',
20 verbose headers   'x-cache': 'MISS',
20 verbose headers   'x-cache-hits': '0',
20 verbose headers   'x-timer': 'S1505464123.864951,VS0,VE42',
20 verbose headers   vary: 'Accept-Encoding, Accept' }
21 silly get cb [ 200,
21 silly get   { server: 'nginx/1.10.1',
21 silly get     'content-type': 'application/json',
21 silly get     'last-modified': 'Thu, 30 Mar 2017 11:13:46 GMT',
21 silly get     etag: 'W/"58dce86a-4d9"',
21 silly get     'content-encoding': 'gzip',
21 silly get     'cache-control': 'max-age=300',
21 silly get     'content-length': '562',
21 silly get     'accept-ranges': 'bytes',
21 silly get     date: 'Fri, 15 Sep 2017 08:28:42 GMT',
21 silly get     via: '1.1 varnish',
21 silly get     age: '0',
21 silly get     connection: 'keep-alive',
21 silly get     'x-served-by': 'cache-ams4426-AMS',
21 silly get     'x-cache': 'MISS',
21 silly get     'x-cache-hits': '0',
21 silly get     'x-timer': 'S1505464123.864951,VS0,VE42',
21 silly get     vary: 'Accept-Encoding, Accept' } ]
22 verbose get saving graphicsmagick to C:\Users\logah\AppData\Roaming\npm-cache\registry.npmjs.org\graphicsmagick\.cache.json
23 verbose correctMkdir C:\Users\logah\AppData\Roaming\npm-cache correctMkdir not in flight; initializing
24 silly install normalizeTree
25 silly loadCurrentTree Finishing
26 silly loadIdealTree Starting
27 silly install loadIdealTree
28 silly cloneCurrentTree Starting
29 silly install cloneCurrentTreeToIdealTree
30 silly cloneCurrentTree Finishing
31 silly loadShrinkwrap Starting
32 silly install loadShrinkwrap
33 silly loadShrinkwrap Finishing
34 silly loadAllDepsIntoIdealTree Starting
35 silly install loadAllDepsIntoIdealTree
36 silly resolveWithNewModule graphicsmagick@0.0.1 checking installable status
37 silly cache add args [ 'graphicsmagick', null ]
38 verbose cache add spec graphicsmagick
39 silly cache add parsed spec Result {
39 silly cache add   raw: 'graphicsmagick',
39 silly cache add   scope: null,
39 silly cache add   escapedName: 'graphicsmagick',
39 silly cache add   name: 'graphicsmagick',
39 silly cache add   rawSpec: '',
39 silly cache add   spec: 'latest',
39 silly cache add   type: 'tag' }
40 silly addNamed graphicsmagick@latest
41 verbose addNamed "latest" is being treated as a dist-tag for graphicsmagick
42 info addNameTag [ 'graphicsmagick', 'latest' ]
43 silly mapToRegistry name graphicsmagick
44 silly mapToRegistry using default registry
45 silly mapToRegistry registry https://registry.npmjs.org/
46 silly mapToRegistry data Result {
46 silly mapToRegistry   raw: 'graphicsmagick',
46 silly mapToRegistry   scope: null,
46 silly mapToRegistry   escapedName: 'graphicsmagick',
46 silly mapToRegistry   name: 'graphicsmagick',
46 silly mapToRegistry   rawSpec: '',
46 silly mapToRegistry   spec: 'latest',
46 silly mapToRegistry   type: 'tag' }
47 silly mapToRegistry uri https://registry.npmjs.org/graphicsmagick
48 verbose addNameTag registry:https://registry.npmjs.org/graphicsmagick not in flight; fetching
49 verbose get https://registry.npmjs.org/graphicsmagick not expired, no request
50 silly addNameTag next cb for graphicsmagick with tag latest
51 silly addNamed graphicsmagick@0.0.1
52 verbose addNamed "0.0.1" is a plain semver version for graphicsmagick
53 silly mapToRegistry name graphicsmagick
54 silly mapToRegistry using default registry
55 silly mapToRegistry registry https://registry.npmjs.org/
56 silly mapToRegistry data Result {
56 silly mapToRegistry   raw: 'graphicsmagick',
56 silly mapToRegistry   scope: null,
56 silly mapToRegistry   escapedName: 'graphicsmagick',
56 silly mapToRegistry   name: 'graphicsmagick',
56 silly mapToRegistry   rawSpec: '',
56 silly mapToRegistry   spec: 'latest',
56 silly mapToRegistry   type: 'tag' }
57 silly mapToRegistry uri https://registry.npmjs.org/graphicsmagick
58 verbose addRemoteTarball https://registry.npmjs.org/graphicsmagick/-/graphicsmagick-0.0.1.tgz not in flight; adding
59 verbose addRemoteTarball [ 'https://registry.npmjs.org/graphicsmagick/-/graphicsmagick-0.0.1.tgz',
59 verbose addRemoteTarball   '0af95878190dcbd1028e46c13526f5284245bf29' ]
60 info retry fetch attempt 1 at 10:28:42
61 info attempt registry request try #1 at 10:28:42
62 http fetch GET https://registry.npmjs.org/graphicsmagick/-/graphicsmagick-0.0.1.tgz
63 http fetch 200 https://registry.npmjs.org/graphicsmagick/-/graphicsmagick-0.0.1.tgz
64 silly fetchAndShaCheck shasum 0af95878190dcbd1028e46c13526f5284245bf29
65 verbose addTmpTarball C:\Users\logah\AppData\Local\Temp\npm-10616-1e771b1c\registry.npmjs.org\graphicsmagick\-\graphicsmagick-0.0.1.tgz not in flight; adding
66 verbose addTmpTarball already have metadata; skipping unpack for graphicsmagick@0.0.1
67 verbose correctMkdir C:\Users\logah\AppData\Roaming\npm-cache correctMkdir not in flight; initializing
68 silly cache afterAdd graphicsmagick@0.0.1
69 verbose afterAdd C:\Users\logah\AppData\Roaming\npm-cache\graphicsmagick\0.0.1\package\package.json not in flight; writing
70 verbose correctMkdir C:\Users\logah\AppData\Roaming\npm-cache correctMkdir not in flight; initializing
71 verbose afterAdd C:\Users\logah\AppData\Roaming\npm-cache\graphicsmagick\0.0.1\package\package.json written
72 silly loadAllDepsIntoIdealTree Finishing
73 silly loadIdealTree Finishing
74 silly currentTree devblog
75 silly idealTree devblog
75 silly idealTree `-- graphicsmagick@0.0.1
76 silly generateActionsToTake Starting
77 silly install generateActionsToTake
78 silly generateActionsToTake Finishing
79 silly diffTrees action count 1
80 silly diffTrees add graphicsmagick@0.0.1
81 silly decomposeActions action count 8
82 silly decomposeActions fetch graphicsmagick@0.0.1
83 silly decomposeActions extract graphicsmagick@0.0.1
84 silly decomposeActions test graphicsmagick@0.0.1
85 silly decomposeActions preinstall graphicsmagick@0.0.1
86 silly decomposeActions build graphicsmagick@0.0.1
87 silly decomposeActions install graphicsmagick@0.0.1
88 silly decomposeActions postinstall graphicsmagick@0.0.1
89 silly decomposeActions finalize graphicsmagick@0.0.1
90 silly runTopLevelLifecycles Starting
91 silly executeActions Starting
92 silly install executeActions
93 silly doSerial global-install 0
94 silly doParallel fetch 1
95 verbose correctMkdir C:\Users\logah\AppData\Roaming\npm-cache\_locks correctMkdir not in flight; initializing
96 verbose lock using C:\Users\logah\AppData\Roaming\npm-cache\_locks\staging-e943ef272bd97ccb.lock for C:\Users\logah\Desktop\devblog\node_modules\.staging
97 silly doParallel extract 1
98 silly extract graphicsmagick@0.0.1
99 verbose unbuild node_modules\.staging\graphicsmagick-e5028a49
100 silly gentlyRm C:\Users\logah\Desktop\devblog\node_modules\.staging\graphicsmagick-e5028a49 is being purged from base C:\Users\logah\Desktop\devblog
101 verbose gentlyRm don't care about contents; nuking C:\Users\logah\Desktop\devblog\node_modules\.staging\graphicsmagick-e5028a49
102 verbose tar unpack C:\Users\logah\AppData\Roaming\npm-cache\graphicsmagick\0.0.1\package.tgz
103 verbose tar unpacking to C:\Users\logah\Desktop\devblog\node_modules\.staging\graphicsmagick-e5028a49
104 silly gentlyRm C:\Users\logah\Desktop\devblog\node_modules\.staging\graphicsmagick-e5028a49 is being purged
105 verbose gentlyRm don't care about contents; nuking C:\Users\logah\Desktop\devblog\node_modules\.staging\graphicsmagick-e5028a49
106 silly gunzTarPerm modes [ '777', '666' ]
107 silly gunzTarPerm extractEntry wscript
108 silly gunzTarPerm modified mode [ 'wscript', 493, 511 ]
109 silly gunzTarPerm extractEntry GraphicsMagick.cc
110 silly gunzTarPerm modified mode [ 'GraphicsMagick.cc', 493, 511 ]
111 silly gunzTarPerm extractEntry README.creole
112 silly gunzTarPerm modified mode [ 'README.creole', 493, 511 ]
113 silly gunzTarPerm extractEntry test.jpg
114 silly gunzTarPerm modified mode [ 'test.jpg', 493, 511 ]
115 silly gunzTarPerm extractEntry .npmignore
116 silly gunzTarPerm modified mode [ '.npmignore', 420, 438 ]
117 silly gunzTarPerm extractEntry build/
118 silly gunzTarPerm modified mode [ 'build/', 493, 511 ]
119 silly gunzTarPerm extractEntry build/.wafpickle-7
120 silly gunzTarPerm modified mode [ 'build/.wafpickle-7', 420, 438 ]
121 silly gunzTarPerm extractEntry test.js
122 silly gunzTarPerm modified mode [ 'test.js', 493, 511 ]
123 silly gunzTarPerm extractEntry package.json
124 silly gunzTarPerm modified mode [ 'package.json', 493, 511 ]
125 silly gentlyRm C:\Users\logah\Desktop\devblog\node_modules\.staging\graphicsmagick-e5028a49\node_modules is being purged
126 verbose gentlyRm don't care about contents; nuking C:\Users\logah\Desktop\devblog\node_modules\.staging\graphicsmagick-e5028a49\node_modules
127 silly doParallel preinstall 1
128 silly preinstall graphicsmagick@0.0.1 C:\Users\logah\Desktop\devblog\node_modules\.staging\graphicsmagick-e5028a49
129 info lifecycle graphicsmagick@0.0.1~preinstall: graphicsmagick@0.0.1
130 verbose lifecycle graphicsmagick@0.0.1~preinstall: unsafe-perm in lifecycle true
131 verbose lifecycle graphicsmagick@0.0.1~preinstall: PATH: C:\Program Files\nodejs\node_modules\npm\bin\node-gyp-bin;C:\Users\logah\Desktop\devblog\node_modules\.staging\graphicsmagick-e5028a49\node_modules\.bin;C:\Users\logah\Desktop\devblog\node_modules\.bin;c:\program files\graphicsmagick-1.3.26-q16;C:\tools\ruby22\bin;C:\tools\ruby24\bin;C:\ProgramData\Oracle\Java\javapath;C:\WINDOWS\system32;C:\WINDOWS;C:\WINDOWS\System32\Wbem;C:\WINDOWS\System32\WindowsPowerShell\v1.0\;C:\Program Files\Maven\apache-maven-3.5.0\bin;C:\Program Files\Gradle\gradle-4.0.2\bin;C:\ProgramData\chocolatey\bin;C:\Program Files\Git\cmd;C:\Program Files (x86)\Brackets\command;C:\Program Files\nodejs\;C:\tools\ruby24\bin;C:\Users\logah\AppData\Roaming\npm
132 verbose lifecycle graphicsmagick@0.0.1~preinstall: CWD: C:\Users\logah\Desktop\devblog\node_modules\.staging\graphicsmagick-e5028a49
133 silly lifecycle graphicsmagick@0.0.1~preinstall: Args: [ '/d /s /c',
133 silly lifecycle   'node-waf clean || (exit 0); node-waf configure build' ]
134 silly lifecycle graphicsmagick@0.0.1~preinstall: Returned: code: 1  signal: null
135 info lifecycle graphicsmagick@0.0.1~preinstall: Failed to exec preinstall script
136 verbose unlock done using C:\Users\logah\AppData\Roaming\npm-cache\_locks\staging-e943ef272bd97ccb.lock for C:\Users\logah\Desktop\devblog\node_modules\.staging
137 silly rollbackFailedOptional Starting
138 silly rollbackFailedOptional Finishing
139 silly runTopLevelLifecycles Finishing
140 silly install printInstalled
141 warn enoent ENOENT: no such file or directory, open 'C:\Users\logah\Desktop\devblog\package.json'
142 verbose enoent ENOENT: no such file or directory, open 'C:\Users\logah\Desktop\devblog\package.json'
142 verbose enoent This is most likely not a problem with npm itself
142 verbose enoent and is related to npm not being able to find a file.
143 warn devblog No description
144 verbose If you need help, you may report this error at:
144 verbose     <https://github.com/npm/npm/issues>
145 warn devblog No repository field.
146 verbose If you need help, you may report this error at:
146 verbose     <https://github.com/npm/npm/issues>
147 warn devblog No README data
148 verbose If you need help, you may report this error at:
148 verbose     <https://github.com/npm/npm/issues>
149 warn devblog No license field.
150 verbose If you need help, you may report this error at:
150 verbose     <https://github.com/npm/npm/issues>
151 verbose stack Error: graphicsmagick@0.0.1 preinstall: `node-waf clean || (exit 0); node-waf configure build`
151 verbose stack Exit status 1
151 verbose stack     at EventEmitter.<anonymous> (C:\Program Files\nodejs\node_modules\npm\lib\utils\lifecycle.js:255:16)
151 verbose stack     at emitTwo (events.js:106:13)
151 verbose stack     at EventEmitter.emit (events.js:191:7)
151 verbose stack     at ChildProcess.<anonymous> (C:\Program Files\nodejs\node_modules\npm\lib\utils\spawn.js:40:14)
151 verbose stack     at emitTwo (events.js:106:13)
151 verbose stack     at ChildProcess.emit (events.js:191:7)
151 verbose stack     at maybeClose (internal/child_process.js:891:16)
151 verbose stack     at Process.ChildProcess._handle.onexit (internal/child_process.js:226:5)
152 verbose pkgid graphicsmagick@0.0.1
153 verbose cwd C:\Users\logah\Desktop\devblog
154 error Windows_NT 10.0.10586
155 error argv "C:\\Program Files\\nodejs\\node.exe" "C:\\Program Files\\nodejs\\node_modules\\npm\\bin\\npm-cli.js" "install" "graphicsmagick"
156 error node v6.11.2
157 error npm  v3.10.10
158 error code ELIFECYCLE
159 error graphicsmagick@0.0.1 preinstall: `node-waf clean || (exit 0); node-waf configure build`
159 error Exit status 1
160 error Failed at the graphicsmagick@0.0.1 preinstall script 'node-waf clean || (exit 0); node-waf configure build'.
160 error Make sure you have the latest version of node.js and npm installed.
160 error If you do, this is most likely a problem with the graphicsmagick package,
160 error not with npm itself.
160 error Tell the author that this fails on your system:
160 error     node-waf clean || (exit 0); node-waf configure build
160 error You can get information on how to open an issue for this project with:
160 error     npm bugs graphicsmagick
160 error Or if that isn't available, you can get their info via:
160 error     npm owner ls graphicsmagick
160 error There is likely additional logging output above.
161 verbose exit [ 1, true ]
